[00:09:51] [Server thread/INFO]: Kunkers has made the advancement [Bee Our Guest]
[00:10:00] [Server thread/INFO]: Kunkers lost connection: Disconnected
[00:10:00] [Server thread/INFO]: Kunkers left the game
[00:34:01] [User Authenticator #137/INFO]: UUID of player Kunkers is 3522eb8f-3a30-323e-9492-bd759cf3bf85
[00:34:01] [Server thread/INFO]: Kunkers[/94.61.5.137:59910] logged in with entity id 1517727 at ([smpino]-1332.825478784609, 113.0, -89.69999998807907)
[01:03:06] [Server thread/INFO]: Kunkers lost connection: Disconnected
[01:03:06] [Server thread/INFO]: Kunkers left the game
[04:37:11] [User Authenticator #138/INFO]: UUID of player INETDataSurvey15 is 4d8dd698-6c70-34a9-8ca3-9a39fcf311d1
[04:37:11] [Server thread/INFO]: INETDataSurvey15[/51.15.250.167:36056] logged in with entity id 1523350 at ([smpino]158.5, 64.0, -131.5)
[04:37:11] [Server thread/INFO]: INETDataSurvey15 lost connection: Disconnected
[04:37:11] [Server thread/INFO]: INETDataSurvey15 left the game
[04:37:11] [Server thread/WARN]: handleDisconnection() called twice
[10:05:21] [User Authenticator #139/INFO]: UUID of player Digger19 is 9677ca35-82d2-3914-83c2-86a250a87eb9
[10:05:21] [Server thread/INFO]: Digger19[/89.154.169.171:57114] logged in with entity id 1523358 at ([smpino]-1095.0561550762097, 64.0, 133.06025916622622)
[10:39:34] [Server thread/INFO]: Digger19 lost connection: Timed out
[10:39:34] [Server thread/INFO]: Digger19 left the game
[10:39:34] [Server thread/WARN]: handleDisconnection() called twice
[10:43:27] [User Authenticator #140/INFO]: UUID of player Digger19 is 9677ca35-82d2-3914-83c2-86a250a87eb9
[10:43:27] [Server thread/INFO]: Digger19[/89.154.169.171:59969] logged in with entity id 1527299 at ([smpino]-1098.699999988079, 63.9375, 121.30000001192093)
[10:43:31] [Worker-Main-4244/ERROR]: Caught exception in thread Thread[Worker-Main-4244,5,main]
java.lang.OutOfMemoryError: Java heap space
	at it.unimi.dsi.fastutil.longs.Long2ObjectOpenHashMap.clone(Long2ObjectOpenHashMap.java:1372) ~[fastutil-8.5.6.jar:?]
	at net.minecraft.world.level.lighting.LightEngineStorageSky$a.a(SourceFile:337) ~[spigot-1.18-R0.1-SNAPSHOT.jar:3332-Spigot-a5dea1c-bc14cb6]
	at net.minecraft.world.level.lighting.LightEngineStorageSky$a.b(SourceFile:317) ~[spigot-1.18-R0.1-SNAPSHOT.jar:3332-Spigot-a5dea1c-bc14cb6]
	at net.minecraft.world.level.lighting.LightEngineStorage.e(SourceFile:381) ~[spigot-1.18-R0.1-SNAPSHOT.jar:3332-Spigot-a5dea1c-bc14cb6]
	at net.minecraft.world.level.lighting.LightEngineLayer.a(SourceFile:203) ~[spigot-1.18-R0.1-SNAPSHOT.jar:3332-Spigot-a5dea1c-bc14cb6]
	at net.minecraft.world.level.lighting.LightEngine.a(SourceFile:65) ~[spigot-1.18-R0.1-SNAPSHOT.jar:3332-Spigot-a5dea1c-bc14cb6]
	at net.minecraft.server.level.LightEngineThreaded.e(SourceFile:177) ~[spigot-1.18-R0.1-SNAPSHOT.jar:3332-Spigot-a5dea1c-bc14cb6]
	at net.minecraft.server.level.LightEngineThreaded.f(SourceFile:156) ~[spigot-1.18-R0.1-SNAPSHOT.jar:3332-Spigot-a5dea1c-bc14cb6]
	at net.minecraft.server.level.LightEngineThreaded$$Lambda$4356/0x00000008015b7790.run(Unknown Source) ~[?:?]
	at net.minecraft.util.thread.ThreadedMailbox.g(SourceFile:91) ~[spigot-1.18-R0.1-SNAPSHOT.jar:3332-Spigot-a5dea1c-bc14cb6]
	at net.minecraft.util.thread.ThreadedMailbox.a(SourceFile:146) ~[spigot-1.18-R0.1-SNAPSHOT.jar:3332-Spigot-a5dea1c-bc14cb6]
	at net.minecraft.util.thread.ThreadedMailbox.run(SourceFile:102) ~[spigot-1.18-R0.1-SNAPSHOT.jar:3332-Spigot-a5dea1c-bc14cb6]
	at java.util.concurrent.ForkJoinTask$RunnableExecuteAction.exec(ForkJoinTask.java:1395) [?:?]
	at java.util.concurrent.ForkJoinTask.doExec(ForkJoinTask.java:373) [?:?]
	at java.util.concurrent.ForkJoinPool$WorkQueue.topLevelExec(ForkJoinPool.java:1182) [?:?]
	at java.util.concurrent.ForkJoinPool.scan(ForkJoinPool.java:1655) [?:?]
	at java.util.concurrent.ForkJoinPool.runWorker(ForkJoinPool.java:1622) [?:?]
	at java.util.concurrent.ForkJoinWorkerThread.run(ForkJoinWorkerThread.java:165) [?:?]
[10:44:12] [User Authenticator #141/INFO]: UUID of player _Moki is ae5c0ec8-f242-3425-ae53-7d28eee6783b
[10:44:13] [Server thread/INFO]: _Moki[/94.62.177.219:59112] logged in with entity id 1527551 at ([smpino]-1144.8961348010062, 67.0, 117.25471293757933)
[10:49:17] [User Authenticator #142/INFO]: UUID of player xSwtDx is 3b237a1c-ff9e-3384-b764-ba9ab5f39f59
[10:49:17] [Server thread/INFO]: xSwtDx[/87.196.101.81:59114] logged in with entity id 1528414 at ([smpino]-1217.8230086279546, 70.0, 991.950458131285)
[10:50:12] [Async Chat Thread - #139/INFO]: <xSwtDx> sup
[10:50:17] [Async Chat Thread - #139/INFO]: <_Moki> o/
[10:52:42] [Async Chat Thread - #140/INFO]: <_Moki> mega laggers?
[10:52:47] [Async Chat Thread - #140/INFO]: <Digger19> classic
[10:52:51] [Async Chat Thread - #140/INFO]: <xSwtDx> yep
[10:53:00] [Async Chat Thread - #140/INFO]: <xSwtDx> nem consigo entrar no portal do faria
[10:53:25] [Async Chat Thread - #140/INFO]: <_Moki> nem levei fall damage wtf
[10:53:26] [Spigot Watchdog Thread/ERROR]: ------------------------------
[10:53:26] [Spigot Watchdog Thread/ERROR]: The server has stopped responding! This is (probably) not a Spigot bug.
[10:53:26] [Spigot Watchdog Thread/ERROR]: If you see a plugin in the Server thread dump below, then please report it to that author
[10:53:26] [Spigot Watchdog Thread/ERROR]: 	 *Especially* if it looks like HTTP or MySQL operations are occurring
[10:53:26] [Spigot Watchdog Thread/ERROR]: If you see a world save or edit, then it means you did far more than your server can handle at once
[10:53:26] [Spigot Watchdog Thread/ERROR]: 	 If this is the case, consider increasing timeout-time in spigot.yml but note that this will replace the crash with LARGE lag spikes
[10:53:26] [Spigot Watchdog Thread/ERROR]: If you are unsure or still think this is a Spigot bug, please report to https://www.spigotmc.org/
[10:53:26] [Spigot Watchdog Thread/ERROR]: Be sure to include ALL relevant console errors and Minecraft crash reports
[10:53:26] [Spigot Watchdog Thread/ERROR]: Spigot version: 3332-Spigot-a5dea1c-bc14cb6 (MC: 1.18)
[10:53:26] [Spigot Watchdog Thread/ERROR]: ------------------------------
[10:53:26] [Spigot Watchdog Thread/ERROR]: Server thread dump (Look for plugins here before reporting to Spigot!):
[10:53:26] [Spigot Watchdog Thread/ERROR]: ------------------------------
[10:53:26] [Spigot Watchdog Thread/ERROR]: Current Thread: Server thread
[10:53:26] [Spigot Watchdog Thread/ERROR]: 	PID: 27 | Suspended: false | Native: false | State: TIMED_WAITING
[10:53:26] [Spigot Watchdog Thread/ERROR]: 	Stack:
[10:53:26] [Spigot Watchdog Thread/ERROR]: 		java.base@17/jdk.internal.misc.Unsafe.park(Native Method)
[10:53:26] [Spigot Watchdog Thread/ERROR]: 		java.base@17/java.util.concurrent.locks.LockSupport.parkNanos(LockSupport.java:252)
[10:53:26] [Spigot Watchdog Thread/ERROR]: 		net.minecraft.util.thread.IAsyncTaskHandler.bq(SourceFile:146)
[10:53:26] [Spigot Watchdog Thread/ERROR]: 		net.minecraft.util.thread.IAsyncTaskHandler.c(SourceFile:136)
[10:53:26] [Spigot Watchdog Thread/ERROR]: 		net.minecraft.server.level.ChunkProviderServer.a(ChunkProviderServer.java:163)
[10:53:26] [Spigot Watchdog Thread/ERROR]: 		net.minecraft.world.level.World.a(World.java:283)
[10:53:26] [Spigot Watchdog Thread/ERROR]: 		net.minecraft.world.level.IWorldReader.a(SourceFile:140)
[10:53:26] [Spigot Watchdog Thread/ERROR]: 		net.minecraft.world.level.World.d(World.java:277)
[10:53:26] [Spigot Watchdog Thread/ERROR]: 		net.minecraft.world.level.World.a_(World.java:598)
[10:53:26] [Spigot Watchdog Thread/ERROR]: 		net.minecraft.world.level.portal.PortalTravelAgent.lambda$4(PortalTravelAgent.java:64)
[10:53:26] [Spigot Watchdog Thread/ERROR]: 		net.minecraft.world.level.portal.PortalTravelAgent$$Lambda$6058/0x00000008019a27f8.test(Unknown Source)
[10:53:26] [Spigot Watchdog Thread/ERROR]: 		java.base@17/java.util.stream.ReferencePipeline$2$1.accept(ReferencePipeline.java:178)
[10:53:26] [Spigot Watchdog Thread/ERROR]: 		java.base@17/java.util.stream.SortedOps$RefSortingSink.end(SortedOps.java:400)
[10:53:26] [Spigot Watchdog Thread/ERROR]: 		java.base@17/java.util.stream.Sink$ChainedReference.end(Sink.java:258)
[10:53:26] [Spigot Watchdog Thread/ERROR]: 		java.base@17/java.util.stream.Sink$ChainedReference.end(Sink.java:258)
[10:53:26] [Spigot Watchdog Thread/ERROR]: 		java.base@17/java.util.stream.Sink$ChainedReference.end(Sink.java:258)
[10:53:26] [Spigot Watchdog Thread/ERROR]: 		java.base@17/java.util.stream.AbstractPipeline.copyIntoWithCancel(AbstractPipeline.java:528)
[10:53:26] [Spigot Watchdog Thread/ERROR]: 		java.base@17/java.util.stream.AbstractPipeline.copyInto(AbstractPipeline.java:513)
[10:53:26] [Spigot Watchdog Thread/ERROR]: 		java.base@17/java.util.stream.AbstractPipeline.wrapAndCopyInto(AbstractPipeline.java:499)
[10:53:26] [Spigot Watchdog Thread/ERROR]: 		java.base@17/java.util.stream.FindOps$FindOp.evaluateSequential(FindOps.java:150)
[10:53:26] [Spigot Watchdog Thread/ERROR]: 		java.base@17/java.util.stream.AbstractPipeline.evaluate(AbstractPipeline.java:234)
[10:53:26] [Spigot Watchdog Thread/ERROR]: 		java.base@17/java.util.stream.ReferencePipeline.findFirst(ReferencePipeline.java:647)
[10:53:26] [Spigot Watchdog Thread/ERROR]: 		net.minecraft.world.level.portal.PortalTravelAgent.findPortalAround(PortalTravelAgent.java:65)
[10:53:26] [Spigot Watchdog Thread/ERROR]: 		net.minecraft.world.entity.Entity.getExitPortal(Entity.java:2897)
[10:53:26] [Spigot Watchdog Thread/ERROR]: 		net.minecraft.server.level.EntityPlayer.getExitPortal(EntityPlayer.java:1101)
[10:53:26] [Spigot Watchdog Thread/ERROR]: 		net.minecraft.world.entity.Entity.a(Entity.java:2837)
[10:53:26] [Spigot Watchdog Thread/ERROR]: 		net.minecraft.server.level.EntityPlayer.a(EntityPlayer.java:946)
[10:53:26] [Spigot Watchdog Thread/ERROR]: 		net.minecraft.server.level.EntityPlayer.changeDimension(EntityPlayer.java:998)
[10:53:26] [Spigot Watchdog Thread/ERROR]: 		net.minecraft.world.entity.Entity.by(Entity.java:2311)
[10:53:26] [Spigot Watchdog Thread/ERROR]: 		net.minecraft.world.entity.Entity.an(Entity.java:564)
[10:53:26] [Spigot Watchdog Thread/ERROR]: 		net.minecraft.world.entity.EntityLiving.an(EntityLiving.java:388)
[10:53:26] [Spigot Watchdog Thread/ERROR]: 		net.minecraft.world.entity.Entity.k(Entity.java:538)
[10:53:26] [Spigot Watchdog Thread/ERROR]: 		net.minecraft.world.entity.EntityLiving.k(EntityLiving.java:2767)
[10:53:26] [Spigot Watchdog Thread/ERROR]: 		net.minecraft.world.entity.player.EntityHuman.k(EntityHuman.java:260)
[10:53:26] [Spigot Watchdog Thread/ERROR]: 		net.minecraft.server.level.EntityPlayer.l(EntityPlayer.java:621)
[10:53:26] [Spigot Watchdog Thread/ERROR]: 		net.minecraft.server.network.PlayerConnection.b(PlayerConnection.java:297)
[10:53:26] [Spigot Watchdog Thread/ERROR]: 		net.minecraft.network.NetworkManager.a(NetworkManager.java:250)
[10:53:26] [Spigot Watchdog Thread/ERROR]: 		net.minecraft.server.network.ServerConnection.c(ServerConnection.java:172)
[10:53:26] [Spigot Watchdog Thread/ERROR]: 		net.minecraft.server.MinecraftServer.b(MinecraftServer.java:1321)
[10:53:26] [Spigot Watchdog Thread/ERROR]: 		net.minecraft.server.dedicated.DedicatedServer.b(DedicatedServer.java:428)
[10:53:26] [Spigot Watchdog Thread/ERROR]: 		net.minecraft.server.MinecraftServer.a(MinecraftServer.java:1205)
[10:53:26] [Spigot Watchdog Thread/ERROR]: 		net.minecraft.server.MinecraftServer.w(MinecraftServer.java:1033)
[10:53:26] [Spigot Watchdog Thread/ERROR]: 		net.minecraft.server.MinecraftServer.lambda$0(MinecraftServer.java:303)
[10:53:26] [Spigot Watchdog Thread/ERROR]: 		net.minecraft.server.MinecraftServer$$Lambda$4067/0x00000008013d78e0.run(Unknown Source)
[10:53:26] [Spigot Watchdog Thread/ERROR]: 		java.base@17/java.lang.Thread.run(Thread.java:833)
[10:53:26] [Spigot Watchdog Thread/ERROR]: ------------------------------
[10:53:26] [Spigot Watchdog Thread/ERROR]: Entire Thread Dump:
[10:53:26] [Spigot Watchdog Thread/ERROR]: ------------------------------
[10:53:26] [Spigot Watchdog Thread/ERROR]: Current Thread: Reference Handler
[10:53:26] [Spigot Watchdog Thread/ERROR]: 	PID: 2 | Suspended: false | Native: false | State: RUNNABLE
[10:53:26] [Spigot Watchdog Thread/ERROR]: 	Stack:
[10:53:26] [Spigot Watchdog Thread/ERROR]: 		java.base@17/java.lang.ref.Reference.waitForReferencePendingList(Native Method)
[10:53:26] [Spigot Watchdog Thread/ERROR]: 		java.base@17/java.lang.ref.Reference.processPendingReferences(Reference.java:253)
[10:53:26] [Spigot Watchdog Thread/ERROR]: 		java.base@17/java.lang.ref.Reference$ReferenceHandler.run(Reference.java:215)
[10:53:26] [Spigot Watchdog Thread/ERROR]: ------------------------------
[10:53:26] [Spigot Watchdog Thread/ERROR]: Current Thread: Finalizer
[10:53:26] [Spigot Watchdog Thread/ERROR]: 	PID: 3 | Suspended: false | Native: false | State: WAITING
[10:53:26] [Spigot Watchdog Thread/ERROR]: 	Stack:
[10:53:26] [Spigot Watchdog Thread/ERROR]: 		java.base@17/java.lang.Object.wait(Native Method)
[10:53:26] [Spigot Watchdog Thread/ERROR]: 		java.base@17/java.lang.ref.ReferenceQueue.remove(ReferenceQueue.java:155)
[10:53:26] [Spigot Watchdog Thread/ERROR]: 		java.base@17/java.lang.ref.ReferenceQueue.remove(ReferenceQueue.java:176)
[10:53:26] [Spigot Watchdog Thread/ERROR]: 		java.base@17/java.lang.ref.Finalizer$FinalizerThread.run(Finalizer.java:172)
[10:53:26] [Spigot Watchdog Thread/ERROR]: ------------------------------
[10:53:26] [Spigot Watchdog Thread/ERROR]: Current Thread: Signal Dispatcher
[10:53:26] [Spigot Watchdog Thread/ERROR]: 	PID: 4 | Suspended: false | Native: false | State: RUNNABLE
[10:53:26] [Spigot Watchdog Thread/ERROR]: 	Stack:
[10:53:26] [Spigot Watchdog Thread/ERROR]: ------------------------------
[10:53:26] [Spigot Watchdog Thread/ERROR]: Current Thread: Notification Thread
[10:53:26] [Spigot Watchdog Thread/ERROR]: 	PID: 11 | Suspended: false | Native: false | State: RUNNABLE
[10:53:26] [Spigot Watchdog Thread/ERROR]: 	Stack:
[10:53:26] [Spigot Watchdog Thread/ERROR]: ------------------------------
[10:53:26] [Spigot Watchdog Thread/ERROR]: Current Thread: Common-Cleaner
[10:53:26] [Spigot Watchdog Thread/ERROR]: 	PID: 12 | Suspended: false | Native: false | State: TIMED_WAITING
[10:53:26] [Spigot Watchdog Thread/ERROR]: 	Stack:
[10:53:26] [Spigot Watchdog Thread/ERROR]: 		java.base@17/java.lang.Object.wait(Native Method)
[10:53:26] [Spigot Watchdog Thread/ERROR]: 		java.base@17/java.lang.ref.ReferenceQueue.remove(ReferenceQueue.java:155)
[10:53:26] [Spigot Watchdog Thread/ERROR]: 		java.base@17/jdk.internal.ref.CleanerImpl.run(CleanerImpl.java:140)
[10:53:26] [Spigot Watchdog Thread/ERROR]: 		java.base@17/java.lang.Thread.run(Thread.java:833)
[10:53:26] [Spigot Watchdog Thread/ERROR]: 		java.base@17/jdk.internal.misc.InnocuousThread.run(InnocuousThread.java:162)
[10:53:26] [Spigot Watchdog Thread/ERROR]: ------------------------------
[10:53:26] [Spigot Watchdog Thread/ERROR]: Current Thread: DestroyJavaVM
[10:53:26] [Spigot Watchdog Thread/ERROR]: 	PID: 14 | Suspended: false | Native: false | State: RUNNABLE
[10:53:26] [Spigot Watchdog Thread/ERROR]: 	Stack:
[10:53:26] [Spigot Watchdog Thread/ERROR]: ------------------------------
[10:53:26] [Spigot Watchdog Thread/ERROR]: Current Thread: Timer hack thread
[10:53:26] [Spigot Watchdog Thread/ERROR]: 	PID: 23 | Suspended: false | Native: false | State: TIMED_WAITING
[10:53:26] [Spigot Watchdog Thread/ERROR]: 	Stack:
[10:53:26] [Spigot Watchdog Thread/ERROR]: 		java.base@17/java.lang.Thread.sleep(Native Method)
[10:53:26] [Spigot Watchdog Thread/ERROR]: 		net.minecraft.SystemUtils$6.run(SourceFile:765)
[10:53:26] [Spigot Watchdog Thread/ERROR]: ------------------------------
[10:53:26] [Spigot Watchdog Thread/ERROR]: Current Thread: Server thread
[10:53:26] [Spigot Watchdog Thread/ERROR]: 	PID: 27 | Suspended: false | Native: false | State: RUNNABLE
[10:53:26] [Spigot Watchdog Thread/ERROR]: 	Thread is waiting on monitor(s):
[10:53:26] [Spigot Watchdog Thread/ERROR]: 		Locked on:net.minecraft.server.network.ServerConnection.c(ServerConnection.java:172)
[10:53:26] [Spigot Watchdog Thread/ERROR]: 	Stack:
[10:53:26] [Spigot Watchdog Thread/ERROR]: 		java.base@17/java.lang.Thread.yield(Native Method)
[10:53:26] [Spigot Watchdog Thread/ERROR]: 		net.minecraft.util.thread.IAsyncTaskHandler.bq(SourceFile:145)
[10:53:26] [Spigot Watchdog Thread/ERROR]: 		net.minecraft.util.thread.IAsyncTaskHandler.c(SourceFile:136)
[10:53:26] [Spigot Watchdog Thread/ERROR]: 		net.minecraft.server.level.ChunkProviderServer.a(ChunkProviderServer.java:163)
[10:53:26] [Spigot Watchdog Thread/ERROR]: 		net.minecraft.world.level.World.a(World.java:283)
[10:53:26] [Spigot Watchdog Thread/ERROR]: 		net.minecraft.world.level.IWorldReader.a(SourceFile:140)
[10:53:26] [Spigot Watchdog Thread/ERROR]: 		net.minecraft.world.level.World.d(World.java:277)
[10:53:26] [Spigot Watchdog Thread/ERROR]: 		net.minecraft.world.level.World.a_(World.java:598)
[10:53:26] [Spigot Watchdog Thread/ERROR]: 		net.minecraft.world.level.portal.PortalTravelAgent.lambda$4(PortalTravelAgent.java:64)
[10:53:26] [Spigot Watchdog Thread/ERROR]: 		net.minecraft.world.level.portal.PortalTravelAgent$$Lambda$6058/0x00000008019a27f8.test(Unknown Source)
[10:53:26] [Spigot Watchdog Thread/ERROR]: 		java.base@17/java.util.stream.ReferencePipeline$2$1.accept(ReferencePipeline.java:178)
[10:53:26] [Spigot Watchdog Thread/ERROR]: 		java.base@17/java.util.stream.SortedOps$RefSortingSink.end(SortedOps.java:400)
[10:53:26] [Spigot Watchdog Thread/ERROR]: 		java.base@17/java.util.stream.Sink$ChainedReference.end(Sink.java:258)
[10:53:26] [Spigot Watchdog Thread/ERROR]: 		java.base@17/java.util.stream.Sink$ChainedReference.end(Sink.java:258)
[10:53:26] [Spigot Watchdog Thread/ERROR]: 		java.base@17/java.util.stream.Sink$ChainedReference.end(Sink.java:258)
[10:53:26] [Spigot Watchdog Thread/ERROR]: 		java.base@17/java.util.stream.AbstractPipeline.copyIntoWithCancel(AbstractPipeline.java:528)
[10:53:26] [Spigot Watchdog Thread/ERROR]: 		java.base@17/java.util.stream.AbstractPipeline.copyInto(AbstractPipeline.java:513)
[10:53:26] [Spigot Watchdog Thread/ERROR]: 		java.base@17/java.util.stream.AbstractPipeline.wrapAndCopyInto(AbstractPipeline.java:499)
[10:53:26] [Spigot Watchdog Thread/ERROR]: 		java.base@17/java.util.stream.FindOps$FindOp.evaluateSequential(FindOps.java:150)
[10:53:26] [Spigot Watchdog Thread/ERROR]: 		java.base@17/java.util.stream.AbstractPipeline.evaluate(AbstractPipeline.java:234)
[10:53:26] [Spigot Watchdog Thread/ERROR]: 		java.base@17/java.util.stream.ReferencePipeline.findFirst(ReferencePipeline.java:647)
[10:53:26] [Spigot Watchdog Thread/ERROR]: 		net.minecraft.world.level.portal.PortalTravelAgent.findPortalAround(PortalTravelAgent.java:65)
[10:53:26] [Spigot Watchdog Thread/ERROR]: 		net.minecraft.world.entity.Entity.getExitPortal(Entity.java:2897)
[10:53:26] [Spigot Watchdog Thread/ERROR]: 		net.minecraft.server.level.EntityPlayer.getExitPortal(EntityPlayer.java:1101)
[10:53:26] [Spigot Watchdog Thread/ERROR]: 		net.minecraft.world.entity.Entity.a(Entity.java:2837)
[10:53:26] [Spigot Watchdog Thread/ERROR]: 		net.minecraft.server.level.EntityPlayer.a(EntityPlayer.java:946)
[10:53:26] [Spigot Watchdog Thread/ERROR]: 		net.minecraft.server.level.EntityPlayer.changeDimension(EntityPlayer.java:998)
[10:53:26] [Spigot Watchdog Thread/ERROR]: 		net.minecraft.world.entity.Entity.by(Entity.java:2311)
[10:53:26] [Spigot Watchdog Thread/ERROR]: 		net.minecraft.world.entity.Entity.an(Entity.java:564)
[10:53:26] [Spigot Watchdog Thread/ERROR]: 		net.minecraft.world.entity.EntityLiving.an(EntityLiving.java:388)
[10:53:26] [Spigot Watchdog Thread/ERROR]: 		net.minecraft.world.entity.Entity.k(Entity.java:538)
[10:53:26] [Spigot Watchdog Thread/ERROR]: 		net.minecraft.world.entity.EntityLiving.k(EntityLiving.java:2767)
[10:53:26] [Spigot Watchdog Thread/ERROR]: 		net.minecraft.world.entity.player.EntityHuman.k(EntityHuman.java:260)
[10:53:26] [Spigot Watchdog Thread/ERROR]: 		net.minecraft.server.level.EntityPlayer.l(EntityPlayer.java:621)
[10:53:26] [Spigot Watchdog Thread/ERROR]: 		net.minecraft.server.network.PlayerConnection.b(PlayerConnection.java:297)
[10:53:26] [Spigot Watchdog Thread/ERROR]: 		net.minecraft.network.NetworkManager.a(NetworkManager.java:250)
[10:53:26] [Spigot Watchdog Thread/ERROR]: 		net.minecraft.server.network.ServerConnection.c(ServerConnection.java:172)
[10:53:26] [Spigot Watchdog Thread/ERROR]: 		net.minecraft.server.MinecraftServer.b(MinecraftServer.java:1321)
[10:53:26] [Spigot Watchdog Thread/ERROR]: 		net.minecraft.server.dedicated.DedicatedServer.b(DedicatedServer.java:428)
[10:53:26] [Spigot Watchdog Thread/ERROR]: 		net.minecraft.server.MinecraftServer.a(MinecraftServer.java:1205)
[10:53:26] [Spigot Watchdog Thread/ERROR]: 		net.minecraft.server.MinecraftServer.w(MinecraftServer.java:1033)
[10:53:26] [Spigot Watchdog Thread/ERROR]: 		net.minecraft.server.MinecraftServer.lambda$0(MinecraftServer.java:303)
[10:53:26] [Spigot Watchdog Thread/ERROR]: 		net.minecraft.server.MinecraftServer$$Lambda$4067/0x00000008013d78e0.run(Unknown Source)
[10:53:26] [Spigot Watchdog Thread/ERROR]: 		java.base@17/java.lang.Thread.run(Thread.java:833)
[10:53:26] [Spigot Watchdog Thread/ERROR]: ------------------------------
[10:53:26] [Spigot Watchdog Thread/ERROR]: Current Thread: TerminalConsoleWriter
[10:53:26] [Spigot Watchdog Thread/ERROR]: 	PID: 31 | Suspended: false | Native: false | State: WAITING
[10:53:26] [Spigot Watchdog Thread/ERROR]: 	Stack:
[10:53:26] [Spigot Watchdog Thread/ERROR]: 		java.base@17/jdk.internal.misc.Unsafe.park(Native Method)
[10:53:26] [Spigot Watchdog Thread/ERROR]: 		java.base@17/java.util.concurrent.locks.LockSupport.park(LockSupport.java:341)
[10:53:26] [Spigot Watchdog Thread/ERROR]: 		java.base@17/java.util.concurrent.locks.AbstractQueuedSynchronizer$ConditionNode.block(AbstractQueuedSynchronizer.java:506)
[10:53:26] [Spigot Watchdog Thread/ERROR]: 		java.base@17/java.util.concurrent.ForkJoinPool.unmanagedBlock(ForkJoinPool.java:3463)
[10:53:26] [Spigot Watchdog Thread/ERROR]: 		java.base@17/java.util.concurrent.ForkJoinPool.managedBlock(ForkJoinPool.java:3434)
[10:53:26] [Spigot Watchdog Thread/ERROR]: 		java.base@17/java.util.concurrent.locks.AbstractQueuedSynchronizer$ConditionObject.await(AbstractQueuedSynchronizer.java:1623)
[10:53:26] [Spigot Watchdog Thread/ERROR]: 		java.base@17/java.util.concurrent.LinkedBlockingQueue.take(LinkedBlockingQueue.java:435)
[10:53:26] [Spigot Watchdog Thread/ERROR]: 		com.mojang.util.QueueLogAppender.getNextLogEvent(QueueLogAppender.java:77)
[10:53:26] [Spigot Watchdog Thread/ERROR]: 		org.bukkit.craftbukkit.v1_18_R1.util.TerminalConsoleWriterThread.run(TerminalConsoleWriterThread.java:31)
[10:53:26] [Spigot Watchdog Thread/ERROR]: ------------------------------
[10:53:26] [Spigot Watchdog Thread/ERROR]: Current Thread: Spigot Watchdog Thread
[10:53:26] [Spigot Watchdog Thread/ERROR]: 	PID: 32 | Suspended: false | Native: false | State: RUNNABLE
[10:53:26] [Spigot Watchdog Thread/ERROR]: 	Stack:
[10:53:26] [Spigot Watchdog Thread/ERROR]: 		java.management@17/sun.management.ThreadImpl.dumpThreads0(Native Method)
[10:53:26] [Spigot Watchdog Thread/ERROR]: 		java.management@17/sun.management.ThreadImpl.dumpAllThreads(ThreadImpl.java:521)
[10:53:26] [Spigot Watchdog Thread/ERROR]: 		java.management@17/sun.management.ThreadImpl.dumpAllThreads(ThreadImpl.java:509)
[10:53:26] [Spigot Watchdog Thread/ERROR]: 		org.spigotmc.WatchdogThread.run(WatchdogThread.java:90)
[10:53:26] [Spigot Watchdog Thread/ERROR]: ------------------------------
[10:53:26] [Spigot Watchdog Thread/ERROR]: Current Thread: Spigot Metrics Thread
[10:53:26] [Spigot Watchdog Thread/ERROR]: 	PID: 33 | Suspended: false | Native: false | State: TIMED_WAITING
[10:53:26] [Spigot Watchdog Thread/ERROR]: 	Stack:
[10:53:26] [Spigot Watchdog Thread/ERROR]: 		java.base@17/java.lang.Object.wait(Native Method)
[10:53:26] [Spigot Watchdog Thread/ERROR]: 		java.base@17/java.util.TimerThread.mainLoop(Timer.java:563)
[10:53:26] [Spigot Watchdog Thread/ERROR]: 		java.base@17/java.util.TimerThread.run(Timer.java:516)
[10:53:26] [Spigot Watchdog Thread/ERROR]: ------------------------------
[10:53:26] [Spigot Watchdog Thread/ERROR]: Current Thread: Netty Epoll Server IO #0
[10:53:26] [Spigot Watchdog Thread/ERROR]: 	PID: 34 | Suspended: false | Native: false | State: RUNNABLE
[10:53:26] [Spigot Watchdog Thread/ERROR]: 	Stack:
[10:53:26] [Spigot Watchdog Thread/ERROR]: 		io.netty.channel.epoll.Native.epollWait(Native Method)
[10:53:26] [Spigot Watchdog Thread/ERROR]: 		io.netty.channel.epoll.Native.epollWait(Native.java:192)
[10:53:26] [Spigot Watchdog Thread/ERROR]: 		io.netty.channel.epoll.Native.epollWait(Native.java:185)
[10:53:26] [Spigot Watchdog Thread/ERROR]: 		io.netty.channel.epoll.EpollEventLoop.epollWaitNoTimerChange(EpollEventLoop.java:290)
[10:53:26] [Spigot Watchdog Thread/ERROR]: 		io.netty.channel.epoll.EpollEventLoop.run(EpollEventLoop.java:347)
[10:53:26] [Spigot Watchdog Thread/ERROR]: 		io.netty.util.concurrent.SingleThreadEventExecutor$4.run(SingleThreadEventExecutor.java:986)
[10:53:26] [Spigot Watchdog Thread/ERROR]: 		io.netty.util.internal.ThreadExecutorMap$2.run(ThreadExecutorMap.java:74)
[10:53:26] [Spigot Watchdog Thread/ERROR]: 		java.base@17/java.lang.Thread.run(Thread.java:833)
[10:53:26] [Spigot Watchdog Thread/ERROR]: ------------------------------
[10:53:26] [Spigot Watchdog Thread/ERROR]: Current Thread: Netty Epoll Server IO #1
[10:53:26] [Spigot Watchdog Thread/ERROR]: 	PID: 39 | Suspended: false | Native: true | State: RUNNABLE
[10:53:26] [Spigot Watchdog Thread/ERROR]: 	Stack:
[10:53:26] [Spigot Watchdog Thread/ERROR]: 		io.netty.channel.epoll.Native.epollWait0(Native Method)
[10:53:26] [Spigot Watchdog Thread/ERROR]: 		io.netty.channel.epoll.Native.epollWait(Native.java:176)
[10:53:26] [Spigot Watchdog Thread/ERROR]: 		io.netty.channel.epoll.EpollEventLoop.epollWait(EpollEventLoop.java:281)
[10:53:26] [Spigot Watchdog Thread/ERROR]: 		io.netty.channel.epoll.EpollEventLoop.run(EpollEventLoop.java:351)
[10:53:26] [Spigot Watchdog Thread/ERROR]: 		io.netty.util.concurrent.SingleThreadEventExecutor$4.run(SingleThreadEventExecutor.java:986)
[10:53:26] [Spigot Watchdog Thread/ERROR]: 		io.netty.util.internal.ThreadExecutorMap$2.run(ThreadExecutorMap.java:74)
[10:53:26] [Spigot Watchdog Thread/ERROR]: 		java.base@17/java.lang.Thread.run(Thread.java:833)
[10:53:26] [Spigot Watchdog Thread/ERROR]: ------------------------------
[10:53:26] [Spigot Watchdog Thread/ERROR]: Current Thread: Netty Epoll Server IO #2
[10:53:26] [Spigot Watchdog Thread/ERROR]: 	PID: 40 | Suspended: false | Native: false | State: RUNNABLE
[10:53:26] [Spigot Watchdog Thread/ERROR]: 	Stack:
[10:53:26] [Spigot Watchdog Thread/ERROR]: 		io.netty.channel.epoll.Native.epollWait(Native Method)
[10:53:26] [Spigot Watchdog Thread/ERROR]: 		io.netty.channel.epoll.Native.epollWait(Native.java:192)
[10:53:26] [Spigot Watchdog Thread/ERROR]: 		io.netty.channel.epoll.Native.epollWait(Native.java:185)
[10:53:26] [Spigot Watchdog Thread/ERROR]: 		io.netty.channel.epoll.EpollEventLoop.epollWaitNoTimerChange(EpollEventLoop.java:290)
[10:53:26] [Spigot Watchdog Thread/ERROR]: 		io.netty.channel.epoll.EpollEventLoop.run(EpollEventLoop.java:347)
[10:53:26] [Spigot Watchdog Thread/ERROR]: 		io.netty.util.concurrent.SingleThreadEventExecutor$4.run(SingleThreadEventExecutor.java:986)
[10:53:26] [Spigot Watchdog Thread/ERROR]: 		io.netty.util.internal.ThreadExecutorMap$2.run(ThreadExecutorMap.java:74)
[10:53:26] [Spigot Watchdog Thread/ERROR]: 		java.base@17/java.lang.Thread.run(Thread.java:833)
[10:53:26] [Spigot Watchdog Thread/ERROR]: ------------------------------
[10:53:26] [Spigot Watchdog Thread/ERROR]: Current Thread: Netty Epoll Server IO #3
[10:53:26] [Spigot Watchdog Thread/ERROR]: 	PID: 42 | Suspended: false | Native: true | State: RUNNABLE
[10:53:26] [Spigot Watchdog Thread/ERROR]: 	Stack:
[10:53:26] [Spigot Watchdog Thread/ERROR]: 		io.netty.channel.epoll.Native.epollWait0(Native Method)
[10:53:26] [Spigot Watchdog Thread/ERROR]: 		io.netty.channel.epoll.Native.epollWait(Native.java:176)
[10:53:26] [Spigot Watchdog Thread/ERROR]: 		io.netty.channel.epoll.EpollEventLoop.epollWait(EpollEventLoop.java:281)
[10:53:26] [Spigot Watchdog Thread/ERROR]: 		io.netty.channel.epoll.EpollEventLoop.run(EpollEventLoop.java:351)
[10:53:26] [Spigot Watchdog Thread/ERROR]: 		io.netty.util.concurrent.SingleThreadEventExecutor$4.run(SingleThreadEventExecutor.java:986)
[10:53:26] [Spigot Watchdog Thread/ERROR]: 		io.netty.util.internal.ThreadExecutorMap$2.run(ThreadExecutorMap.java:74)
[10:53:26] [Spigot Watchdog Thread/ERROR]: 		java.base@17/java.lang.Thread.run(Thread.java:833)
[10:53:26] [Spigot Watchdog Thread/ERROR]: ------------------------------
[10:53:26] [Spigot Watchdog Thread/ERROR]: Current Thread: Worker-Main-4243
[10:53:26] [Spigot Watchdog Thread/ERROR]: 	PID: 4557 | Suspended: false | Native: false | State: TIMED_WAITING
[10:53:26] [Spigot Watchdog Thread/ERROR]: 	Stack:
[10:53:26] [Spigot Watchdog Thread/ERROR]: 		java.base@17/jdk.internal.misc.Unsafe.park(Native Method)
[10:53:26] [Spigot Watchdog Thread/ERROR]: 		java.base@17/java.util.concurrent.locks.LockSupport.parkUntil(LockSupport.java:410)
[10:53:26] [Spigot Watchdog Thread/ERROR]: 		java.base@17/java.util.concurrent.ForkJoinPool.awaitWork(ForkJoinPool.java:1726)
[10:53:26] [Spigot Watchdog Thread/ERROR]: 		java.base@17/java.util.concurrent.ForkJoinPool.runWorker(ForkJoinPool.java:1623)
[10:53:26] [Spigot Watchdog Thread/ERROR]: 		java.base@17/java.util.concurrent.ForkJoinWorkerThread.run(ForkJoinWorkerThread.java:165)
[10:53:26] [Spigot Watchdog Thread/ERROR]: ------------------------------
[10:53:26] [Spigot Watchdog Thread/ERROR]: Current Thread: Async Chat Thread - #140
[10:53:26] [Spigot Watchdog Thread/ERROR]: 	PID: 4565 | Suspended: false | Native: false | State: TIMED_WAITING
[10:53:26] [Spigot Watchdog Thread/ERROR]: 	Stack:
[10:53:26] [Spigot Watchdog Thread/ERROR]: 		java.base@17/jdk.internal.misc.Unsafe.park(Native Method)
[10:53:26] [Spigot Watchdog Thread/ERROR]: 		java.base@17/java.util.concurrent.locks.LockSupport.parkNanos(LockSupport.java:252)
[10:53:26] [Spigot Watchdog Thread/ERROR]: 		java.base@17/java.util.concurrent.SynchronousQueue$TransferStack.transfer(SynchronousQueue.java:401)
[10:53:26] [Spigot Watchdog Thread/ERROR]: 		java.base@17/java.util.concurrent.SynchronousQueue.poll(SynchronousQueue.java:903)
[10:53:26] [Spigot Watchdog Thread/ERROR]: 		java.base@17/java.util.concurrent.ThreadPoolExecutor.getTask(ThreadPoolExecutor.java:1061)
[10:53:26] [Spigot Watchdog Thread/ERROR]: 		java.base@17/java.util.concurrent.ThreadPoolExecutor.runWorker(ThreadPoolExecutor.java:1122)
[10:53:26] [Spigot Watchdog Thread/ERROR]: 		java.base@17/java.util.concurrent.ThreadPoolExecutor$Worker.run(ThreadPoolExecutor.java:635)
[10:53:26] [Spigot Watchdog Thread/ERROR]: 		java.base@17/java.lang.Thread.run(Thread.java:833)
[10:53:26] [Spigot Watchdog Thread/ERROR]: ------------------------------
[10:53:26] [Spigot Watchdog Thread/INFO]: Startup script './start.sh' does not exist! Stopping server.
[10:53:26] [Spigot Watchdog Thread/INFO]: Stopping server
[10:53:26] [Spigot Watchdog Thread/INFO]: Saving players
[10:53:26] [Spigot Watchdog Thread/INFO]: Digger19 lost connection: Server closed
[10:53:26] [Spigot Watchdog Thread/INFO]: Digger19 left the game
[10:53:26] [Spigot Watchdog Thread/INFO]: _Moki lost connection: Server closed
[10:53:26] [Spigot Watchdog Thread/INFO]: _Moki left the game
[10:53:26] [Spigot Watchdog Thread/INFO]: xSwtDx lost connection: Server closed
